<?xml version="1.0" encoding="UTF-8"?>
<!-- Generated by org.testng.reporters.JUnitReportReporter -->
<testsuite hostname="DESKTOP-MA28TNJ" failures="0" tests="1" name="TestCases.TryForFreeLogin" time="24.147" errors="0" timestamp="2022-11-03T16:33:14 IST" skipped="0">
  <testcase classname="TestCases.TryForFreeLogin" name="SignUp" time="24.147"/>
  <system-out/>
</testsuite> <!-- TestCases.TryForFreeLogin -->
